<?xml version="1.0" encoding="UTF-8"?>
<!-- Generated by org.testng.reporters.JUnitReportReporter -->
<testsuite hostname="RASELVAM-54QTQ" failures="0" tests="3" name="Testngpack.TestngDemo" time="0.008" errors="0" timestamp="2022-06-01T17:32:44 IST" skipped="0">
  <testcase classname="Testngpack.TestngDemo" name="aemo" time="0.006"/>
  <system-out/>
  <testcase classname="Testngpack.TestngDemo" name="demo" time="0.001"/>
  <system-out/>
  <testcase classname="Testngpack.TestngDemo" name="cemo" time="0.001"/>
  <system-out/>
</testsuite> <!-- Testngpack.TestngDemo -->
