<?xml version="1.0" encoding="UTF-8"?>
<!-- Generated by org.testng.reporters.JUnitReportReporter -->
<testsuite hostname="RASELVAM-54QTQ" failures="0" tests="1" name="BaseClass.LoginPageDemo" time="0.192" errors="0" timestamp="2022-06-03T09:20:58 IST" skipped="0">
  <testcase classname="BaseClass.LoginPageDemo" name="login" time="0.192"/>
  <system-out>
clicked on aplicaiton  </system-out>
</testsuite> <!-- BaseClass.LoginPageDemo -->
