<?xml version="1.0" encoding="UTF-8"?>
<!-- Generated by org.testng.reporters.JUnitReportReporter -->
<testsuite hostname="RASELVAM-54QTQ" failures="0" tests="2" name="Testngpack.Dependency2" time="19.924" errors="0" timestamp="2022-06-01T14:30:45 IST" skipped="0">
  <testcase classname="Testngpack.Dependency2" name="startApp" time="6.548"/>
  <system-out/>
  <testcase classname="Testngpack.Dependency2" name="logIn" time="13.376"/>
  <system-out/>
</testsuite> <!-- Testngpack.Dependency2 -->
