<?xml version="1.0" encoding="UTF-8"?>
<!-- Generated by org.testng.reporters.JUnitReportReporter -->
<testsuite hostname="RASELVAM-54QTQ" failures="0" tests="2" name="Annotation.Method4" time="0.009" errors="0" timestamp="2022-06-01T13:28:13 IST" skipped="0">
  <testcase classname="Annotation.Method4" name="c3" time="0.001"/>
  <system-out/>
  <testcase classname="Annotation.Method4" name="b3" time="0.008"/>
  <system-out/>
</testsuite> <!-- Annotation.Method4 -->
