<?xml version="1.0" encoding="UTF-8"?>
<!-- Generated by org.testng.reporters.JUnitReportReporter -->
<testsuite hostname="RASELVAM-54QTQ" failures="0" tests="2" name="BaseClass.InvalidLoginPageDemo" time="0.225" errors="0" timestamp="2022-06-03T21:06:53 IST" skipped="0">
  <testcase classname="BaseClass.InvalidLoginPageDemo" name="login1" time="0.097"/>
  <system-out>
clicked on aplicaiton  </system-out>
  <testcase classname="BaseClass.InvalidLoginPageDemo" name="login" time="0.128"/>
  <system-out>
clicked on aplicaiton  </system-out>
</testsuite> <!-- BaseClass.InvalidLoginPageDemo -->
