<?xml version="1.0" encoding="UTF-8"?>
<!-- Generated by org.testng.reporters.JUnitReportReporter -->
<testsuite hostname="RASELVAM-54QTQ" failures="0" tests="1" name="Testngpack.XmlDemo2" time="0.006" errors="0" timestamp="2022-06-01T17:41:29 IST" skipped="0">
  <testcase classname="Testngpack.XmlDemo2" name="demo" time="0.006"/>
  <system-out/>
</testsuite> <!-- Testngpack.XmlDemo2 -->
