<?xml version="1.0" encoding="UTF-8"?>
<!-- Generated by org.testng.reporters.JUnitReportReporter -->
<testsuite hostname="RASELVAM-54QTQ" failures="0" tests="1" name="TestngFailer.TestRunner" time="0.271" errors="0" timestamp="2022-06-30T18:42:16 IST" skipped="0">
  <testcase classname="TestngFailer.TestRunner" name="test11" time="0.271"/>
  <system-out/>
</testsuite> <!-- TestngFailer.TestRunner -->
