<?xml version="1.0" encoding="UTF-8"?>
<!-- Generated by org.testng.reporters.JUnitReportReporter -->
<testsuite hostname="RASELVAM-54QTQ" failures="0" tests="2" name="Annotation.Method2" time="0.002" errors="0" timestamp="2022-06-16T12:08:18 IST" skipped="0">
  <testcase classname="Annotation.Method2" name="b2" time="0.001"/>
  <system-out/>
  <testcase classname="Annotation.Method2" name="c2" time="0.001"/>
  <system-out/>
</testsuite> <!-- Annotation.Method2 -->
