<?xml version="1.0" encoding="UTF-8"?>
<!-- Generated by org.testng.reporters.JUnitReportReporter -->
<testsuite hostname="RASELVAM-54QTQ" failures="0" tests="1" name="Groups.GroupsDemo1" time="0.006" errors="0" timestamp="2022-06-03T23:01:09 IST" skipped="0">
  <testcase classname="Groups.GroupsDemo1" name="Test2" time="0.006"/>
  <system-out/>
</testsuite> <!-- Groups.GroupsDemo1 -->
