<?xml version="1.0" encoding="UTF-8"?>
<!-- Generated by org.testng.reporters.JUnitReportReporter -->
<testsuite hostname="RASELVAM-54QTQ" failures="0" tests="1" name="Testngpack.XmlDemo1" time="0.005" errors="0" timestamp="2022-06-01T17:41:22 IST" skipped="0">
  <testcase classname="Testngpack.XmlDemo1" name="demo" time="0.005"/>
  <system-out/>
</testsuite> <!-- Testngpack.XmlDemo1 -->
