<?xml version="1.0" encoding="UTF-8"?>
<!-- Generated by org.testng.reporters.JUnitReportReporter -->
<testsuite hostname="RASELVAM-54QTQ" failures="0" tests="2" name="Annotation.AlphabiticandProirity" time="0.014" errors="0" timestamp="2022-06-30T16:52:54 IST" skipped="0">
  <testcase classname="Annotation.AlphabiticandProirity" name="bStrating" time="0.001"/>
  <system-out/>
  <testcase classname="Annotation.AlphabiticandProirity" name="aStrating" time="0.013"/>
  <system-out/>
</testsuite> <!-- Annotation.AlphabiticandProirity -->
