<?xml version="1.0" encoding="UTF-8"?>
<!-- Generated by org.testng.reporters.JUnitReportReporter -->
<testsuite hostname="RASELVAM-54QTQ" failures="0" tests="2" name="Groups.GroupsDemo4" time="0.008" errors="0" timestamp="2022-06-16T08:57:26 IST" skipped="0">
  <testcase classname="Groups.GroupsDemo4" name="Test2" time="0.001"/>
  <system-out/>
  <testcase classname="Groups.GroupsDemo4" name="Test1" time="0.007"/>
  <system-out/>
</testsuite> <!-- Groups.GroupsDemo4 -->
