<?xml version="1.0" encoding="UTF-8"?>
<!-- Generated by org.testng.reporters.JUnitReportReporter -->
<testsuite hostname="RASELVAM-54QTQ" failures="0" tests="4" name="Groups.GroupsDemo2" time="0.012" errors="0" timestamp="2022-06-03T23:36:42 IST" skipped="0">
  <testcase classname="Groups.GroupsDemo2" name="Test4" time="0.002"/>
  <system-out/>
  <testcase classname="Groups.GroupsDemo2" name="Test2" time="0.002"/>
  <system-out/>
  <testcase classname="Groups.GroupsDemo2" name="Test1" time="0.007"/>
  <system-out/>
  <testcase classname="Groups.GroupsDemo2" name="Test3" time="0.001"/>
  <system-out/>
</testsuite> <!-- Groups.GroupsDemo2 -->
