<?xml version="1.0" encoding="UTF-8"?>
<!-- Generated by org.testng.reporters.JUnitReportReporter -->
<testsuite hostname="RASELVAM-54QTQ" failures="0" tests="4" name="Groups.GroupsDemo" time="0.009" errors="0" timestamp="2022-06-03T23:43:54 IST" skipped="0">
  <testcase classname="Groups.GroupsDemo" name="Test1" time="0.006"/>
  <system-out/>
  <testcase classname="Groups.GroupsDemo" name="Test2" time="0.001"/>
  <system-out/>
  <testcase classname="Groups.GroupsDemo" name="Test4" time="0.001"/>
  <system-out/>
  <testcase classname="Groups.GroupsDemo" name="Test3" time="0.001"/>
  <system-out/>
</testsuite> <!-- Groups.GroupsDemo -->
