<?xml version="1.0" encoding="UTF-8"?>
<!-- Generated by org.testng.reporters.JUnitReportReporter -->
<testsuite hostname="RASELVAM-54QTQ" failures="0" tests="1" name="Runner.TestRunner" time="0.183" errors="0" timestamp="2022-06-03T08:44:32 IST" skipped="0">
  <testcase classname="Runner.TestRunner" name="test11" time="0.183"/>
  <system-out/>
</testsuite> <!-- Runner.TestRunner -->
