<?xml version="1.0" encoding="UTF-8"?>
<!-- Generated by org.testng.reporters.JUnitReportReporter -->
<testsuite hostname="RASELVAM-54QTQ" failures="0" tests="4" name="Annotation.Method5" time="0.009" errors="0" timestamp="2022-06-01T12:44:20 IST" skipped="0">
  <testcase classname="Annotation.Method5" name="c4" time="0.001"/>
  <system-out/>
  <testcase classname="Annotation.Method5" name="c5" time="0.002"/>
  <system-out/>
  <testcase classname="Annotation.Method5" name="b5" time="0.002"/>
  <system-out/>
  <testcase classname="Annotation.Method5" name="b4" time="0.004"/>
  <system-out/>
</testsuite> <!-- Annotation.Method5 -->
