<?xml version="1.0" encoding="UTF-8"?>
<!-- Generated by org.testng.reporters.JUnitReportReporter -->
<testsuite hostname="RASELVAM-54QTQ" failures="0" tests="2" name="Annotation.Method" time="0.004" errors="0" timestamp="2022-06-16T12:08:58 IST" skipped="0">
  <testcase classname="Annotation.Method" name="c" time="0.001"/>
  <system-out/>
  <testcase classname="Annotation.Method" name="b" time="0.003"/>
  <system-out/>
</testsuite> <!-- Annotation.Method -->
